<?xml version="1.0" encoding="UTF-8"?>
<!-- Generated by org.testng.reporters.JUnitReportReporter -->
<testsuite hostname="DESKTOP-4GLBANB" failures="0" tests="1" name="appiumcourse.ecomApp.Ecom_TC_1" time="29.211" errors="0" timestamp="10 Jul 2023 23:43:54 GMT" skipped="0">
  <testcase classname="appiumcourse.ecomApp.Ecom_TC_1" name="fillForm" time="29.211"/>
</testsuite> <!-- appiumcourse.ecomApp.Ecom_TC_1 -->
