<?xml version="1.0" encoding="UTF-8"?>
<!-- Generated by org.testng.reporters.JUnitReportReporter -->
<testsuite hostname="DESKTOP-4GLBANB" failures="0" tests="1" name="appiumcourse.Appium.AppiumBasics" time="4.878" errors="0" timestamp="19 May 2023 17:45:11 GMT" skipped="0">
  <testcase classname="appiumcourse.Appium.AppiumBasics" name="LongPressGesture" time="4.878"/>
</testsuite> <!-- appiumcourse.Appium.AppiumBasics -->
