<?xml version="1.0" encoding="UTF-8"?>
<!-- Generated by org.testng.reporters.JUnitReportReporter -->
<testsuite hostname="DESKTOP-4GLBANB" failures="0" tests="1" name="appiumcourse.Appium.MisceallanousAppiumActions" time="11.012" errors="0" timestamp="25 May 2023 18:42:04 GMT" skipped="0">
  <testcase classname="appiumcourse.Appium.MisceallanousAppiumActions" name="DragDrop" time="11.012"/>
</testsuite> <!-- appiumcourse.Appium.MisceallanousAppiumActions -->
