<?xml version="1.0" encoding="UTF-8"?>
<!-- Generated by org.testng.reporters.JUnitReportReporter -->
<testsuite hostname="DESKTOP-4GLBANB" failures="0" tests="1" name="appiumcourse.Appium.ScrollDownAction" time="13.282" errors="0" timestamp="19 May 2023 23:27:03 GMT" skipped="0">
  <testcase classname="appiumcourse.Appium.ScrollDownAction" name="AppiumTest" time="13.282"/>
</testsuite> <!-- appiumcourse.Appium.ScrollDownAction -->
