<?xml version="1.0" encoding="UTF-8"?>
<!-- Generated by org.testng.reporters.JUnitReportReporter -->
<testsuite hostname="DESKTOP-4GLBANB" failures="0" tests="1" name="appiumcourse.Appium.SwipeAction" time="12.808" errors="0" timestamp="25 May 2023 14:20:21 GMT" skipped="0">
  <testcase classname="appiumcourse.Appium.SwipeAction" name="AppiumTest" time="12.808"/>
</testsuite> <!-- appiumcourse.Appium.SwipeAction -->
