<?xml version="1.0" encoding="UTF-8"?>
<!-- Generated by org.testng.reporters.JUnitReportReporter -->
<testsuite hostname="DESKTOP-4GLBANB" failures="0" tests="1" name="appiumcourse.Appium.SwipeDemo" time="6.553" errors="0" timestamp="25 May 2023 16:17:59 GMT" skipped="0">
  <testcase classname="appiumcourse.Appium.SwipeDemo" name="SwipeDemoTest" time="6.553"/>
</testsuite> <!-- appiumcourse.Appium.SwipeDemo -->
