<?xml version="1.0" encoding="UTF-8"?>
<!-- Generated by org.testng.reporters.JUnitReportReporter -->
<testsuite hostname="DESKTOP-4GLBANB" failures="0" tests="1" name="appiumcourse.Appium.LongPress" time="6.751" errors="0" timestamp="19 May 2023 17:54:49 GMT" skipped="0">
  <testcase classname="appiumcourse.Appium.LongPress" name="AppiumTest" time="6.751"/>
</testsuite> <!-- appiumcourse.Appium.LongPress -->
