<?xml version="1.0" encoding="UTF-8"?>
<!-- Generated by org.testng.reporters.JUnitReportReporter -->
<testsuite hostname="DESKTOP-4GLBANB" failures="0" tests="1" name="appiumcourse.Appium.DragAndDrop" time="6.891" errors="0" timestamp="25 May 2023 16:59:10 GMT" skipped="0">
  <testcase classname="appiumcourse.Appium.DragAndDrop" name="DragDrop" time="6.891"/>
</testsuite> <!-- appiumcourse.Appium.DragAndDrop -->
